<?xml version="1.0" encoding="UTF-8"?>
<testng-results ignored="0" total="2" passed="2" failed="0" skipped="0">
  <reporter-output>
  </reporter-output>
  <suite started-at="2026-06-15T16:07:03 IST" name="FlightBookingSuite" finished-at="2026-06-15T16:07:20 IST" duration-ms="17523">
    <groups>
    </groups>
    <test started-at="2026-06-15T16:07:03 IST" name="ChromeTest" finished-at="2026-06-15T16:07:17 IST" duration-ms="14237">
      <class name="com.tests.FlightBookingTest">
        <test-method is-config="true" signature="setUp(java.lang.String)[pri:0, instance:com.tests.FlightBookingTest@3148f668]" started-at="2026-06-15T16:07:03 IST" name="setUp" finished-at="2026-06-15T16:07:09 IST" duration-ms="6784" status="PASS">
          <params>
            <param index="0">
              <value>
                <![CDATA[chrome]]>
              </value>
            </param>
          </params>
          <reporter-output>
          </reporter-output>
        </test-method> <!-- setUp -->
        <test-method signature="testFLightBookingEndToEnd()[pri:1, instance:com.tests.FlightBookingTest@3148f668]" started-at="2026-06-15T16:07:09 IST" name="testFLightBookingEndToEnd" finished-at="2026-06-15T16:07:16 IST" duration-ms="6921" status="PASS">
          <reporter-output>
          </reporter-output>
        </test-method> <!-- testFLightBookingEndToEnd -->
        <test-method is-config="true" signature="tearDown()[pri:0, instance:com.tests.FlightBookingTest@3148f668]" started-at="2026-06-15T16:07:16 IST" name="tearDown" finished-at="2026-06-15T16:07:17 IST" duration-ms="423" status="PASS">
          <reporter-output>
          </reporter-output>
        </test-method> <!-- tearDown -->
      </class> <!-- com.tests.FlightBookingTest -->
    </test> <!-- ChromeTest -->
    <test started-at="2026-06-15T16:07:03 IST" name="FirefoxTest" finished-at="2026-06-15T16:07:20 IST" duration-ms="17523">
      <class name="com.tests.FlightBookingTest">
        <test-method is-config="true" signature="setUp(java.lang.String)[pri:0, instance:com.tests.FlightBookingTest@12359a82]" started-at="2026-06-15T16:07:03 IST" name="setUp" finished-at="2026-06-15T16:07:14 IST" duration-ms="10882" status="PASS">
          <params>
            <param index="0">
              <value>
                <![CDATA[firefox]]>
              </value>
            </param>
          </params>
          <reporter-output>
          </reporter-output>
        </test-method> <!-- setUp -->
        <test-method signature="testFLightBookingEndToEnd()[pri:1, instance:com.tests.FlightBookingTest@12359a82]" started-at="2026-06-15T16:07:14 IST" name="testFLightBookingEndToEnd" finished-at="2026-06-15T16:07:19 IST" duration-ms="5237" status="PASS">
          <reporter-output>
          </reporter-output>
        </test-method> <!-- testFLightBookingEndToEnd -->
        <test-method is-config="true" signature="tearDown()[pri:0, instance:com.tests.FlightBookingTest@12359a82]" started-at="2026-06-15T16:07:19 IST" name="tearDown" finished-at="2026-06-15T16:07:20 IST" duration-ms="1311" status="PASS">
          <reporter-output>
          </reporter-output>
        </test-method> <!-- tearDown -->
      </class> <!-- com.tests.FlightBookingTest -->
    </test> <!-- FirefoxTest -->
  </suite> <!-- FlightBookingSuite -->
</testng-results>
