<?xml version="1.0" encoding="UTF-8"?>
<testng-results ignored="0" total="2" passed="2" failed="0" skipped="0">
  <reporter-output>
  </reporter-output>
  <suite started-at="2026-06-15T15:49:07 IST" name="FlightBookingSuite" finished-at="2026-06-15T15:49:31 IST" duration-ms="23920">
    <groups>
    </groups>
    <test started-at="2026-06-15T15:49:07 IST" name="ChromeTest" finished-at="2026-06-15T15:49:30 IST" duration-ms="22979">
      <class name="com.tests.FlightBookingTest">
        <test-method is-config="true" signature="setUp(java.lang.String)[pri:0, instance:com.tests.FlightBookingTest@600b90df]" started-at="2026-06-15T15:49:07 IST" name="setUp" finished-at="2026-06-15T15:49:22 IST" duration-ms="14179" status="PASS">
          <params>
            <param index="0">
              <value>
                <![CDATA[chrome]]>
              </value>
            </param>
          </params>
          <reporter-output>
          </reporter-output>
        </test-method> <!-- setUp -->
        <test-method signature="testFLightBookingEndToEnd()[pri:1, instance:com.tests.FlightBookingTest@600b90df]" started-at="2026-06-15T15:49:22 IST" name="testFLightBookingEndToEnd" finished-at="2026-06-15T15:49:30 IST" duration-ms="8380" status="PASS">
          <reporter-output>
          </reporter-output>
        </test-method> <!-- testFLightBookingEndToEnd -->
        <test-method is-config="true" signature="tearDown()[pri:0, instance:com.tests.FlightBookingTest@600b90df]" started-at="2026-06-15T15:49:30 IST" name="tearDown" finished-at="2026-06-15T15:49:30 IST" duration-ms="329" status="PASS">
          <reporter-output>
          </reporter-output>
        </test-method> <!-- tearDown -->
      </class> <!-- com.tests.FlightBookingTest -->
    </test> <!-- ChromeTest -->
    <test started-at="2026-06-15T15:49:07 IST" name="FirefoxTest" finished-at="2026-06-15T15:49:31 IST" duration-ms="23920">
      <class name="com.tests.FlightBookingTest">
        <test-method is-config="true" signature="setUp(java.lang.String)[pri:0, instance:com.tests.FlightBookingTest@3d3e5463]" started-at="2026-06-15T15:49:07 IST" name="setUp" finished-at="2026-06-15T15:49:26 IST" duration-ms="18337" status="PASS">
          <params>
            <param index="0">
              <value>
                <![CDATA[firefox]]>
              </value>
            </param>
          </params>
          <reporter-output>
          </reporter-output>
        </test-method> <!-- setUp -->
        <test-method signature="testFLightBookingEndToEnd()[pri:1, instance:com.tests.FlightBookingTest@3d3e5463]" started-at="2026-06-15T15:49:26 IST" name="testFLightBookingEndToEnd" finished-at="2026-06-15T15:49:29 IST" duration-ms="3484" status="PASS">
          <reporter-output>
          </reporter-output>
        </test-method> <!-- testFLightBookingEndToEnd -->
        <test-method is-config="true" signature="tearDown()[pri:0, instance:com.tests.FlightBookingTest@3d3e5463]" started-at="2026-06-15T15:49:29 IST" name="tearDown" finished-at="2026-06-15T15:49:31 IST" duration-ms="1988" status="PASS">
          <reporter-output>
          </reporter-output>
        </test-method> <!-- tearDown -->
      </class> <!-- com.tests.FlightBookingTest -->
    </test> <!-- FirefoxTest -->
  </suite> <!-- FlightBookingSuite -->
</testng-results>
