<?xml version="1.0" encoding="UTF-8"?>
<!-- Generated by org.testng.reporters.JUnitReportReporter -->
<testsuite hostname="PAVILION" failures="0" tests="2" name="com.tests.FlightBookingTest" time="46.697" errors="0" timestamp="2026-06-15T15:49:31 IST" skipped="0">
  <testcase classname="com.tests.FlightBookingTest" name="testFLightBookingEndToEnd" time="22.888"/>
  <testcase classname="com.tests.FlightBookingTest" name="testFLightBookingEndToEnd" time="23.809"/>
</testsuite> <!-- com.tests.FlightBookingTest -->
