<?xml version="1.0" encoding="UTF-8"?>
<!-- Generated by org.testng.reporters.JUnitReportReporter -->
<testsuite hostname="PAVILION" failures="0" tests="2" name="com.tests.FlightBookingTest" time="31.558" errors="0" timestamp="2026-06-15T16:07:20 IST" skipped="0">
  <testcase classname="com.tests.FlightBookingTest" name="testFLightBookingEndToEnd" time="14.128"/>
  <testcase classname="com.tests.FlightBookingTest" name="testFLightBookingEndToEnd" time="17.430"/>
</testsuite> <!-- com.tests.FlightBookingTest -->
